<?xml version="1.0" encoding="UTF-8"?>
<!-- Generated by org.testng.reporters.JUnitReportReporter -->
<testsuite hostname="DESKTOP-JT1L468" failures="0" tests="1" name="curriculum.ictk.scripts.TestFacultyDashboard" time="4.910" errors="0" timestamp="2023-09-29T16:51:36 IST" skipped="0">
  <testcase classname="curriculum.ictk.scripts.TestFacultyDashboard" name="verifyFacultyDashboard" time="4.910"/>
</testsuite> <!-- curriculum.ictk.scripts.TestFacultyDashboard -->
