<?xml version="1.0" encoding="UTF-8"?>
<!-- Generated by org.testng.reporters.JUnitReportReporter -->
<testsuite hostname="DESKTOP-JT1L468" failures="0" tests="1" name="curriculum.ictk.scripts.TestDownload" time="6.534" errors="0" timestamp="2023-09-28T14:46:52 IST" skipped="0">
  <testcase classname="curriculum.ictk.scripts.TestDownload" name="verifyValidLogin" time="6.534"/>
</testsuite> <!-- curriculum.ictk.scripts.TestDownload -->
