<?xml version="1.0" encoding="UTF-8"?>
<!-- Generated by org.testng.reporters.JUnitReportReporter -->
<testsuite hostname="DESKTOP-JT1L468" failures="0" tests="1" name="curriculum.ictk.scripts.TestAdminDashboard" time="8.564" errors="0" timestamp="2023-09-29T16:42:45 IST" skipped="0">
  <testcase classname="curriculum.ictk.scripts.TestAdminDashboard" name="verifyAdminDashboard" time="8.564"/>
</testsuite> <!-- curriculum.ictk.scripts.TestAdminDashboard -->
