<?xml version="1.0" encoding="UTF-8"?>
<!-- Generated by org.testng.reporters.JUnitReportReporter -->
<testsuite hostname="DESKTOP-JT1L468" failures="0" tests="1" name="curriculum.ictk.scripts.TestFacultyRequirement" time="4.762" errors="0" timestamp="2023-09-29T16:54:07 IST" skipped="0">
  <testcase classname="curriculum.ictk.scripts.TestFacultyRequirement" name="FacultyRequirement" time="4.762"/>
</testsuite> <!-- curriculum.ictk.scripts.TestFacultyRequirement -->
