<?xml version="1.0" encoding="UTF-8"?>
<!-- Generated by org.testng.reporters.JUnitReportReporter -->
<testsuite hostname="DESKTOP-JT1L468" failures="0" tests="1" name="curriculum.ictk.scripts.TestFacultySearch" time="4.196" errors="0" timestamp="2023-09-29T16:56:22 IST" skipped="0">
  <testcase classname="curriculum.ictk.scripts.TestFacultySearch" name="verifyFacultySearchAreaofTraining" time="4.196"/>
</testsuite> <!-- curriculum.ictk.scripts.TestFacultySearch -->
