<?xml version="1.0" encoding="UTF-8"?>
<!-- Generated by org.testng.reporters.JUnitReportReporter -->
<testsuite hostname="DESKTOP-JT1L468" failures="0" tests="1" name="curriculum.ictk.scripts.TestAdminDelete" time="8.675" errors="0" timestamp="2023-09-29T16:46:40 IST" skipped="0">
  <testcase classname="curriculum.ictk.scripts.TestAdminDelete" name="verifyAdminDelete" time="8.675"/>
</testsuite> <!-- curriculum.ictk.scripts.TestAdminDelete -->
