<?xml version="1.0" encoding="UTF-8"?>
<!-- Generated by org.testng.reporters.JUnitReportReporter -->
<testsuite hostname="DESKTOP-JT1L468" failures="0" tests="1" name="curriculum.ictk.scripts.TestAdmin" time="4.596" errors="0" timestamp="2023-10-06T11:33:54 IST" skipped="0">
  <testcase classname="curriculum.ictk.scripts.TestAdmin" name="verifyValidLogin" time="4.596"/>
</testsuite> <!-- curriculum.ictk.scripts.TestAdmin -->
