<?xml version="1.0" encoding="UTF-8"?>
<!-- Generated by org.testng.reporters.JUnitReportReporter -->
<testsuite hostname="DESKTOP-JT1L468" failures="0" tests="1" name="curriculum.ictk.scripts.TestAdminSearch" time="4.858" errors="0" timestamp="2023-09-29T16:47:36 IST" skipped="0">
  <testcase classname="curriculum.ictk.scripts.TestAdminSearch" name="AdminSearchAreaoftraining" time="4.858"/>
</testsuite> <!-- curriculum.ictk.scripts.TestAdminSearch -->
