<?xml version="1.0" encoding="UTF-8"?>
<!-- Generated by org.testng.reporters.JUnitReportReporter -->
<testsuite hostname="DESKTOP-JT1L468" failures="0" tests="1" name="curriculum.ictk.scripts.TestFaculty" time="4.717" errors="0" timestamp="2023-09-29T16:50:03 IST" skipped="0">
  <testcase classname="curriculum.ictk.scripts.TestFaculty" name="VerifyInvalidLoginwithInvalidemail" time="4.717"/>
</testsuite> <!-- curriculum.ictk.scripts.TestFaculty -->
